<?xml version="1.0" encoding="UTF-8"?>
<coverage generated="1772111101616" clover="3.2.0">
  <project timestamp="1772111101616" name="All files">
    <metrics statements="15" coveredstatements="15" conditionals="4" coveredconditionals="4" methods="10" coveredmethods="10" elements="29" coveredelements="29" complexity="0" loc="15" ncloc="15" packages="1" files="1" classes="1"/>
    <file name="cart.js" path="C:\Users\DUVAN\Desktop\carrito-compras\js\cart.js">
      <metrics statements="15" coveredstatements="15" conditionals="4" coveredconditionals="4" methods="10" coveredmethods="10"/>
      <line num="1" count="1" type="stmt"/>
      <line num="3" count="3" type="stmt"/>
      <line num="5" count="3" type="cond" truecount="2" falsecount="0"/>
      <line num="7" count="2" type="stmt"/>
      <line num="8" count="3" type="cond" truecount="2" falsecount="0"/>
      <line num="15" count="1" type="stmt"/>
      <line num="19" count="1" type="stmt"/>
      <line num="20" count="1" type="stmt"/>
      <line num="22" count="1" type="stmt"/>
      <line num="24" count="1" type="stmt"/>
      <line num="25" count="2" type="stmt"/>
      <line num="26" count="1" type="stmt"/>
      <line num="29" count="1" type="stmt"/>
      <line num="30" count="2" type="stmt"/>
      <line num="31" count="2" type="stmt"/>
    </file>
  </project>
</coverage>
