{"C:\\Users\\DUVAN\\Desktop\\carrito-compras\\js\\cart.js": {"path":"C:\\Users\\DUVAN\\Desktop\\carrito-compras\\js\\cart.js","statementMap":{"0":{"start":{"line":1,"column":31},"end":{"line":17,"column":1}},"1":{"start":{"line":3,"column":15},"end":{"line":3,"column":54}},"2":{"start":{"line":3,"column":33},"end":{"line":3,"column":53}},"3":{"start":{"line":5,"column":0},"end":{"line":13,"column":1}},"4":{"start":{"line":7,"column":0},"end":{"line":11,"column":2}},"5":{"start":{"line":8,"column":0},"end":{"line":10,"column":3}},"6":{"start":{"line":15,"column":0},"end":{"line":15,"column":47}},"7":{"start":{"line":19,"column":32},"end":{"line":20,"column":32}},"8":{"start":{"line":20,"column":0},"end":{"line":20,"column":32}},"9":{"start":{"line":20,"column":20},"end":{"line":20,"column":31}},"10":{"start":{"line":22,"column":29},"end":{"line":22,"column":37}},"11":{"start":{"line":22,"column":35},"end":{"line":22,"column":37}},"12":{"start":{"line":24,"column":32},"end":{"line":27,"column":1}},"13":{"start":{"line":25,"column":0},"end":{"line":27,"column":1}},"14":{"start":{"line":26,"column":12},"end":{"line":26,"column":39}},"15":{"start":{"line":29,"column":27},"end":{"line":32,"column":1}},"16":{"start":{"line":30,"column":0},"end":{"line":32,"column":1}},"17":{"start":{"line":31,"column":12},"end":{"line":31,"column":30}}},"fnMap":{"0":{"name":"(anonymous_0)","decl":{"start":{"line":1,"column":31},"end":{"line":1,"column":32}},"loc":{"start":{"line":1,"column":54},"end":{"line":17,"column":1}},"line":1},"1":{"name":"(anonymous_1)","decl":{"start":{"line":3,"column":28},"end":{"line":3,"column":29}},"loc":{"start":{"line":3,"column":33},"end":{"line":3,"column":53}},"line":3},"2":{"name":"(anonymous_2)","decl":{"start":{"line":7,"column":19},"end":{"line":7,"column":20}},"loc":{"start":{"line":8,"column":0},"end":{"line":10,"column":3}},"line":8},"3":{"name":"(anonymous_3)","decl":{"start":{"line":19,"column":32},"end":{"line":19,"column":33}},"loc":{"start":{"line":20,"column":0},"end":{"line":20,"column":32}},"line":20},"4":{"name":"(anonymous_4)","decl":{"start":{"line":20,"column":15},"end":{"line":20,"column":16}},"loc":{"start":{"line":20,"column":20},"end":{"line":20,"column":31}},"line":20},"5":{"name":"(anonymous_5)","decl":{"start":{"line":22,"column":29},"end":{"line":22,"column":30}},"loc":{"start":{"line":22,"column":35},"end":{"line":22,"column":37}},"line":22},"6":{"name":"(anonymous_6)","decl":{"start":{"line":24,"column":32},"end":{"line":24,"column":33}},"loc":{"start":{"line":25,"column":0},"end":{"line":27,"column":1}},"line":25},"7":{"name":"(anonymous_7)","decl":{"start":{"line":26,"column":0},"end":{"line":26,"column":1}},"loc":{"start":{"line":26,"column":12},"end":{"line":26,"column":39}},"line":26},"8":{"name":"(anonymous_8)","decl":{"start":{"line":29,"column":27},"end":{"line":29,"column":28}},"loc":{"start":{"line":30,"column":0},"end":{"line":32,"column":1}},"line":30},"9":{"name":"(anonymous_9)","decl":{"start":{"line":31,"column":0},"end":{"line":31,"column":1}},"loc":{"start":{"line":31,"column":12},"end":{"line":31,"column":30}},"line":31}},"branchMap":{"0":{"loc":{"start":{"line":5,"column":0},"end":{"line":13,"column":1}},"type":"if","locations":[{"start":{"line":5,"column":0},"end":{"line":13,"column":1}},{"start":{},"end":{}}],"line":5},"1":{"loc":{"start":{"line":8,"column":0},"end":{"line":10,"column":3}},"type":"cond-expr","locations":[{"start":{"line":9,"column":2},"end":{"line":9,"column":34}},{"start":{"line":10,"column":2},"end":{"line":10,"column":3}}],"line":8}},"s":{"0":1,"1":3,"2":2,"3":3,"4":2,"5":3,"6":1,"7":1,"8":1,"9":1,"10":1,"11":1,"12":1,"13":2,"14":1,"15":1,"16":2,"17":2},"f":{"0":3,"1":2,"2":3,"3":1,"4":1,"5":1,"6":2,"7":1,"8":2,"9":2},"b":{"0":[2,1],"1":[2,1]},"_coverageSchema":"1a1c01bbd47fc00a2c39e90264f33305004495a9","hash":"7f9f25b06a77ff728b94f9ef07c57db9bb9bf9cb"}
}
